<?xml version="1.0" encoding="UTF-8"?>
<!-- Generated by org.testng.reporters.JUnitReportReporter -->
<testsuite hostname="LAPTOP-MH4AH501" failures="0" tests="3" name="APITests" time="5.264" errors="0" timestamp="2023-09-18T15:10:51 PDT" skipped="0">
  <testcase classname="APITests" name="test1" time="4.881"/>
  <system-out/>
  <testcase classname="APITests" name="test2" time="0.216"/>
  <system-out/>
  <testcase classname="APITests" name="test3" time="0.167"/>
  <system-out/>
</testsuite> <!-- APITests -->
